# JRE version: Java(TM) SE Runtime Environment (7.0_45-b18) (build 1.7.0_45-b18)
# Java VM: Java HotSpot(TM) 64-Bit Server VM (24.45-b08 mixed mode windows-amd64 compressed oops)
Heap
 PSYoungGen      total 9728K, used 1618K [0x00000000f4080000, 0x00000000f4b00000, 0x0000000100000000)
  eden space 9216K, 16% used [0x00000000f4080000,0x00000000f41f4b40,0x00000000f4980000)
  from space 512K, 25% used [0x00000000f4a00000,0x00000000f4a20000,0x00000000f4a80000)
  to   space 512K, 0% used [0x00000000f4a80000,0x00000000f4a80000,0x00000000f4b00000)
 ParOldGen       total 24064K, used 6035K [0x00000000dc200000, 0x00000000dd980000, 0x00000000f4080000)
  object space 24064K, 25% used [0x00000000dc200000,0x00000000dc7e4d68,0x00000000dd980000)
 PSPermGen       total 21504K, used 7880K [0x00000000d7000000, 0x00000000d8500000, 0x00000000dc200000)
  object space 21504K, 36% used [0x00000000d7000000,0x00000000d77b2030,0x00000000d8500000)
GC Heap History (10 events):
Event: 74.537 GC heap before
{Heap before GC invocations=97 (full 0):
 PSYoungGen      total 9728K, used 9254K [0x00000000f4080000, 0x00000000f4b00000, 0x0000000100000000)
  eden space 9216K, 99% used [0x00000000f4080000,0x00000000f4969870,0x00000000f4980000)
  from space 512K, 25% used [0x00000000f4a80000,0x00000000f4aa0000,0x00000000f4b00000)
  to   space 512K, 0% used [0x00000000f4a00000,0x00000000f4a00000,0x00000000f4a80000)
 ParOldGen       total 24064K, used 5843K [0x00000000dc200000, 0x00000000dd980000, 0x00000000f4080000)
  object space 24064K, 24% used [0x00000000dc200000,0x00000000dc7b4d68,0x00000000dd980000)
 PSPermGen       total 21504K, used 7880K [0x00000000d7000000, 0x00000000d8500000, 0x00000000dc200000)
  object space 21504K, 36% used [0x00000000d7000000,0x00000000d77b2030,0x00000000d8500000)
Event: 74.539 GC heap after
Heap after GC invocations=97 (full 0):
 PSYoungGen      total 9728K, used 128K [0x00000000f4080000, 0x00000000f4b00000, 0x0000000100000000)
  eden space 9216K, 0% used [0x00000000f4080000,0x00000000f4080000,0x00000000f4980000)
  from space 512K, 25% used [0x00000000f4a00000,0x00000000f4a20000,0x00000000f4a80000)
  to   space 512K, 0% used [0x00000000f4a80000,0x00000000f4a80000,0x00000000f4b00000)
 ParOldGen       total 24064K, used 5883K [0x00000000dc200000, 0x00000000dd980000, 0x00000000f4080000)
  object space 24064K, 24% used [0x00000000dc200000,0x00000000dc7bed68,0x00000000dd980000)
 PSPermGen       total 21504K, used 7880K [0x00000000d7000000, 0x00000000d8500000, 0x00000000dc200000)
  object space 21504K, 36% used [0x00000000d7000000,0x00000000d77b2030,0x00000000d8500000)
}
Event: 75.100 GC heap before
{Heap before GC invocations=98 (full 0):
 PSYoungGen      total 9728K, used 9253K [0x00000000f4080000, 0x00000000f4b00000, 0x0000000100000000)
  eden space 9216K, 99% used [0x00000000f4080000,0x00000000f4969678,0x00000000f4980000)
  from space 512K, 25% used [0x00000000f4a00000,0x00000000f4a20000,0x00000000f4a80000)
  to   space 512K, 0% used [0x00000000f4a80000,0x00000000f4a80000,0x00000000f4b00000)
 ParOldGen       total 24064K, used 5883K [0x00000000dc200000, 0x00000000dd980000, 0x00000000f4080000)
  object space 24064K, 24% used [0x00000000dc200000,0x00000000dc7bed68,0x00000000dd980000)
 PSPermGen       total 21504K, used 7880K [0x00000000d7000000, 0x00000000d8500000, 0x00000000dc200000)
  object space 21504K, 36% used [0x00000000d7000000,0x00000000d77b2030,0x00000000d8500000)
Event: 75.102 GC heap after
Heap after GC invocations=98 (full 0):
 PSYoungGen      total 9728K, used 128K [0x00000000f4080000, 0x00000000f4b00000, 0x0000000100000000)
  eden space 9216K, 0% used [0x00000000f4080000,0x00000000f4080000,0x00000000f4980000)
  from space 512K, 25% used [0x00000000f4a80000,0x00000000f4aa0000,0x00000000f4b00000)
  to   space 512K, 0% used [0x00000000f4a00000,0x00000000f4a00000,0x00000000f4a80000)
 ParOldGen       total 24064K, used 5923K [0x00000000dc200000, 0x00000000dd980000, 0x00000000f4080000)
  object space 24064K, 24% used [0x00000000dc200000,0x00000000dc7c8d68,0x00000000dd980000)
 PSPermGen       total 21504K, used 7880K [0x00000000d7000000, 0x00000000d8500000, 0x00000000dc200000)
  object space 21504K, 36% used [0x00000000d7000000,0x00000000d77b2030,0x00000000d8500000)
}
Event: 75.655 GC heap before
{Heap before GC invocations=99 (full 0):
 PSYoungGen      total 9728K, used 9254K [0x00000000f4080000, 0x00000000f4b00000, 0x0000000100000000)
  eden space 9216K, 99% used [0x00000000f4080000,0x00000000f4969880,0x00000000f4980000)
  from space 512K, 25% used [0x00000000f4a80000,0x00000000f4aa0000,0x00000000f4b00000)
  to   space 512K, 0% used [0x00000000f4a00000,0x00000000f4a00000,0x00000000f4a80000)
 ParOldGen       total 24064K, used 5923K [0x00000000dc200000, 0x00000000dd980000, 0x00000000f4080000)
  object space 24064K, 24% used [0x00000000dc200000,0x00000000dc7c8d68,0x00000000dd980000)
 PSPermGen       total 21504K, used 7880K [0x00000000d7000000, 0x00000000d8500000, 0x00000000dc200000)
  object space 21504K, 36% used [0x00000000d7000000,0x00000000d77b2030,0x00000000d8500000)
Event: 75.657 GC heap after
Heap after GC invocations=99 (full 0):
 PSYoungGen      total 9728K, used 128K [0x00000000f4080000, 0x00000000f4b00000, 0x0000000100000000)
  eden space 9216K, 0% used [0x00000000f4080000,0x00000000f4080000,0x00000000f4980000)
  from space 512K, 25% used [0x00000000f4a00000,0x00000000f4a20000,0x00000000f4a80000)
  to   space 512K, 0% used [0x00000000f4a80000,0x00000000f4a80000,0x00000000f4b00000)
 ParOldGen       total 24064K, used 5963K [0x00000000dc200000, 0x00000000dd980000, 0x00000000f4080000)
  object space 24064K, 24% used [0x00000000dc200000,0x00000000dc7d2d68,0x00000000dd980000)
 PSPermGen       total 21504K, used 7880K [0x00000000d7000000, 0x00000000d8500000, 0x00000000dc200000)
  object space 21504K, 36% used [0x00000000d7000000,0x00000000d77b2030,0x00000000d8500000)
}
Event: 76.208 GC heap before
{Heap before GC invocations=100 (full 0):
 PSYoungGen      total 9728K, used 9253K [0x00000000f4080000, 0x00000000f4b00000, 0x0000000100000000)
  eden space 9216K, 99% used [0x00000000f4080000,0x00000000f4969678,0x00000000f4980000)
  from space 512K, 25% used [0x00000000f4a00000,0x00000000f4a20000,0x00000000f4a80000)
  to   space 512K, 0% used [0x00000000f4a80000,0x00000000f4a80000,0x00000000f4b00000)
 ParOldGen       total 24064K, used 5963K [0x00000000dc200000, 0x00000000dd980000, 0x00000000f4080000)
  object space 24064K, 24% used [0x00000000dc200000,0x00000000dc7d2d68,0x00000000dd980000)
 PSPermGen       total 21504K, used 7880K [0x00000000d7000000, 0x00000000d8500000, 0x00000000dc200000)
  object space 21504K, 36% used [0x00000000d7000000,0x00000000d77b2030,0x00000000d8500000)
Event: 76.210 GC heap after
Heap after GC invocations=100 (full 0):
 PSYoungGen      total 9728K, used 128K [0x00000000f4080000, 0x00000000f4b00000, 0x0000000100000000)
  eden space 9216K, 0% used [0x00000000f4080000,0x00000000f4080000,0x00000000f4980000)
  from space 512K, 25% used [0x00000000f4a80000,0x00000000f4aa0000,0x00000000f4b00000)
  to   space 512K, 0% used [0x00000000f4a00000,0x00000000f4a00000,0x00000000f4a80000)
 ParOldGen       total 24064K, used 6003K [0x00000000dc200000, 0x00000000dd980000, 0x00000000f4080000)
  object space 24064K, 24% used [0x00000000dc200000,0x00000000dc7dcd68,0x00000000dd980000)
 PSPermGen       total 21504K, used 7880K [0x00000000d7000000, 0x00000000d8500000, 0x00000000dc200000)
  object space 21504K, 36% used [0x00000000d7000000,0x00000000d77b2030,0x00000000d8500000)
}
Event: 76.777 GC heap before
{Heap before GC invocations=101 (full 0):
 PSYoungGen      total 9728K, used 9271K [0x00000000f4080000, 0x00000000f4b00000, 0x0000000100000000)
  eden space 9216K, 99% used [0x00000000f4080000,0x00000000f496dea0,0x00000000f4980000)
  from space 512K, 25% used [0x00000000f4a80000,0x00000000f4aa0000,0x00000000f4b00000)
  to   space 512K, 0% used [0x00000000f4a00000,0x00000000f4a00000,0x00000000f4a80000)
 ParOldGen       total 24064K, used 6003K [0x00000000dc200000, 0x00000000dd980000, 0x00000000f4080000)
  object space 24064K, 24% used [0x00000000dc200000,0x00000000dc7dcd68,0x00000000dd980000)
 PSPermGen       total 21504K, used 7880K [0x00000000d7000000, 0x00000000d8500000, 0x00000000dc200000)
  object space 21504K, 36% used [0x00000000d7000000,0x00000000d77b2030,0x00000000d8500000)
Event: 76.787 GC heap after
Heap after GC invocations=101 (full 0):
 PSYoungGen      total 9728K, used 128K [0x00000000f4080000, 0x00000000f4b00000, 0x0000000100000000)
  eden space 9216K, 0% used [0x00000000f4080000,0x00000000f4080000,0x00000000f4980000)
  from space 512K, 25% used [0x00000000f4a00000,0x00000000f4a20000,0x00000000f4a80000)
  to   space 512K, 0% used [0x00000000f4a80000,0x00000000f4a80000,0x00000000f4b00000)
 ParOldGen       total 24064K, used 6035K [0x00000000dc200000, 0x00000000dd980000, 0x00000000f4080000)
  object space 24064K, 25% used [0x00000000dc200000,0x00000000dc7e4d68,0x00000000dd980000)
 PSPermGen       total 21504K, used 7880K [0x00000000d7000000, 0x00000000d8500000, 0x00000000dc200000)
  object space 21504K, 36% used [0x00000000d7000000,0x00000000d77b2030,0x00000000d8500000)
}

