# JRE version: Java(TM) SE Runtime Environment (7.0_45-b18) (build 1.7.0_45-b18)
# Java VM: Java HotSpot(TM) 64-Bit Server VM (24.45-b08 mixed mode windows-amd64 compressed oops)
Heap
 PSYoungGen      total 10240K, used 6507K [0x00000000f4080000, 0x00000000f4b80000, 0x0000000100000000)
  eden space 9728K, 65% used [0x00000000f4080000,0x00000000f46b2e60,0x00000000f4a00000)
  from space 512K, 31% used [0x00000000f4a80000,0x00000000f4aa8000,0x00000000f4b00000)
  to   space 512K, 0% used [0x00000000f4b00000,0x00000000f4b00000,0x00000000f4b80000)
 ParOldGen       total 24064K, used 5970K [0x00000000dc200000, 0x00000000dd980000, 0x00000000f4080000)
  object space 24064K, 24% used [0x00000000dc200000,0x00000000dc7d4808,0x00000000dd980000)
 PSPermGen       total 21504K, used 7843K [0x00000000d7000000, 0x00000000d8500000, 0x00000000dc200000)
  object space 21504K, 36% used [0x00000000d7000000,0x00000000d77a8cf0,0x00000000d8500000)
GC Heap History (10 events):
Event: 75.955 GC heap before
{Heap before GC invocations=91 (full 0):
 PSYoungGen      total 10240K, used 9806K [0x00000000f4080000, 0x00000000f4b80000, 0x0000000100000000)
  eden space 9728K, 99% used [0x00000000f4080000,0x00000000f49f3bb0,0x00000000f4a00000)
  from space 512K, 25% used [0x00000000f4b00000,0x00000000f4b20000,0x00000000f4b80000)
  to   space 512K, 0% used [0x00000000f4a80000,0x00000000f4a80000,0x00000000f4b00000)
 ParOldGen       total 24064K, used 5794K [0x00000000dc200000, 0x00000000dd980000, 0x00000000f4080000)
  object space 24064K, 24% used [0x00000000dc200000,0x00000000dc7a8808,0x00000000dd980000)
 PSPermGen       total 21504K, used 7843K [0x00000000d7000000, 0x00000000d8500000, 0x00000000dc200000)
  object space 21504K, 36% used [0x00000000d7000000,0x00000000d77a8cf0,0x00000000d8500000)
Event: 75.956 GC heap after
Heap after GC invocations=91 (full 0):
 PSYoungGen      total 10240K, used 128K [0x00000000f4080000, 0x00000000f4b80000, 0x0000000100000000)
  eden space 9728K, 0% used [0x00000000f4080000,0x00000000f4080000,0x00000000f4a00000)
  from space 512K, 25% used [0x00000000f4a80000,0x00000000f4aa0000,0x00000000f4b00000)
  to   space 512K, 0% used [0x00000000f4b00000,0x00000000f4b00000,0x00000000f4b80000)
 ParOldGen       total 24064K, used 5818K [0x00000000dc200000, 0x00000000dd980000, 0x00000000f4080000)
  object space 24064K, 24% used [0x00000000dc200000,0x00000000dc7ae808,0x00000000dd980000)
 PSPermGen       total 21504K, used 7843K [0x00000000d7000000, 0x00000000d8500000, 0x00000000dc200000)
  object space 21504K, 36% used [0x00000000d7000000,0x00000000d77a8cf0,0x00000000d8500000)
}
Event: 76.567 GC heap before
{Heap before GC invocations=92 (full 0):
 PSYoungGen      total 10240K, used 9824K [0x00000000f4080000, 0x00000000f4b80000, 0x0000000100000000)
  eden space 9728K, 99% used [0x00000000f4080000,0x00000000f49f81b0,0x00000000f4a00000)
  from space 512K, 25% used [0x00000000f4a80000,0x00000000f4aa0000,0x00000000f4b00000)
  to   space 512K, 0% used [0x00000000f4b00000,0x00000000f4b00000,0x00000000f4b80000)
 ParOldGen       total 24064K, used 5818K [0x00000000dc200000, 0x00000000dd980000, 0x00000000f4080000)
  object space 24064K, 24% used [0x00000000dc200000,0x00000000dc7ae808,0x00000000dd980000)
 PSPermGen       total 21504K, used 7843K [0x00000000d7000000, 0x00000000d8500000, 0x00000000dc200000)
  object space 21504K, 36% used [0x00000000d7000000,0x00000000d77a8cf0,0x00000000d8500000)
Event: 76.569 GC heap after
Heap after GC invocations=92 (full 0):
 PSYoungGen      total 10240K, used 96K [0x00000000f4080000, 0x00000000f4b80000, 0x0000000100000000)
  eden space 9728K, 0% used [0x00000000f4080000,0x00000000f4080000,0x00000000f4a00000)
  from space 512K, 18% used [0x00000000f4b00000,0x00000000f4b18000,0x00000000f4b80000)
  to   space 512K, 0% used [0x00000000f4a80000,0x00000000f4a80000,0x00000000f4b00000)
 ParOldGen       total 24064K, used 5858K [0x00000000dc200000, 0x00000000dd980000, 0x00000000f4080000)
  object space 24064K, 24% used [0x00000000dc200000,0x00000000dc7b8808,0x00000000dd980000)
 PSPermGen       total 21504K, used 7843K [0x00000000d7000000, 0x00000000d8500000, 0x00000000dc200000)
  object space 21504K, 36% used [0x00000000d7000000,0x00000000d77a8cf0,0x00000000d8500000)
}
Event: 77.143 GC heap before
{Heap before GC invocations=93 (full 0):
 PSYoungGen      total 10240K, used 9774K [0x00000000f4080000, 0x00000000f4b80000, 0x0000000100000000)
  eden space 9728K, 99% used [0x00000000f4080000,0x00000000f49f3bb0,0x00000000f4a00000)
  from space 512K, 18% used [0x00000000f4b00000,0x00000000f4b18000,0x00000000f4b80000)
  to   space 512K, 0% used [0x00000000f4a80000,0x00000000f4a80000,0x00000000f4b00000)
 ParOldGen       total 24064K, used 5858K [0x00000000dc200000, 0x00000000dd980000, 0x00000000f4080000)
  object space 24064K, 24% used [0x00000000dc200000,0x00000000dc7b8808,0x00000000dd980000)
 PSPermGen       total 21504K, used 7843K [0x00000000d7000000, 0x00000000d8500000, 0x00000000dc200000)
  object space 21504K, 36% used [0x00000000d7000000,0x00000000d77a8cf0,0x00000000d8500000)
Event: 77.145 GC heap after
Heap after GC invocations=93 (full 0):
 PSYoungGen      total 10240K, used 128K [0x00000000f4080000, 0x00000000f4b80000, 0x0000000100000000)
  eden space 9728K, 0% used [0x00000000f4080000,0x00000000f4080000,0x00000000f4a00000)
  from space 512K, 25% used [0x00000000f4a80000,0x00000000f4aa0000,0x00000000f4b00000)
  to   space 512K, 0% used [0x00000000f4b00000,0x00000000f4b00000,0x00000000f4b80000)
 ParOldGen       total 24064K, used 5890K [0x00000000dc200000, 0x00000000dd980000, 0x00000000f4080000)
  object space 24064K, 24% used [0x00000000dc200000,0x00000000dc7c0808,0x00000000dd980000)
 PSPermGen       total 21504K, used 7843K [0x00000000d7000000, 0x00000000d8500000, 0x00000000dc200000)
  object space 21504K, 36% used [0x00000000d7000000,0x00000000d77a8cf0,0x00000000d8500000)
}
Event: 77.767 GC heap before
{Heap before GC invocations=94 (full 0):
 PSYoungGen      total 10240K, used 9824K [0x00000000f4080000, 0x00000000f4b80000, 0x0000000100000000)
  eden space 9728K, 99% used [0x00000000f4080000,0x00000000f49f81b0,0x00000000f4a00000)
  from space 512K, 25% used [0x00000000f4a80000,0x00000000f4aa0000,0x00000000f4b00000)
  to   space 512K, 0% used [0x00000000f4b00000,0x00000000f4b00000,0x00000000f4b80000)
 ParOldGen       total 24064K, used 5890K [0x00000000dc200000, 0x00000000dd980000, 0x00000000f4080000)
  object space 24064K, 24% used [0x00000000dc200000,0x00000000dc7c0808,0x00000000dd980000)
 PSPermGen       total 21504K, used 7843K [0x00000000d7000000, 0x00000000d8500000, 0x00000000dc200000)
  object space 21504K, 36% used [0x00000000d7000000,0x00000000d77a8cf0,0x00000000d8500000)
Event: 77.769 GC heap after
Heap after GC invocations=94 (full 0):
 PSYoungGen      total 10240K, used 96K [0x00000000f4080000, 0x00000000f4b80000, 0x0000000100000000)
  eden space 9728K, 0% used [0x00000000f4080000,0x00000000f4080000,0x00000000f4a00000)
  from space 512K, 18% used [0x00000000f4b00000,0x00000000f4b18000,0x00000000f4b80000)
  to   space 512K, 0% used [0x00000000f4a80000,0x00000000f4a80000,0x00000000f4b00000)
 ParOldGen       total 24064K, used 5930K [0x00000000dc200000, 0x00000000dd980000, 0x00000000f4080000)
  object space 24064K, 24% used [0x00000000dc200000,0x00000000dc7ca808,0x00000000dd980000)
 PSPermGen       total 21504K, used 7843K [0x00000000d7000000, 0x00000000d8500000, 0x00000000dc200000)
  object space 21504K, 36% used [0x00000000d7000000,0x00000000d77a8cf0,0x00000000d8500000)
}
Event: 78.375 GC heap before
{Heap before GC invocations=95 (full 0):
 PSYoungGen      total 10240K, used 9774K [0x00000000f4080000, 0x00000000f4b80000, 0x0000000100000000)
  eden space 9728K, 99% used [0x00000000f4080000,0x00000000f49f3bb0,0x00000000f4a00000)
  from space 512K, 18% used [0x00000000f4b00000,0x00000000f4b18000,0x00000000f4b80000)
  to   space 512K, 0% used [0x00000000f4a80000,0x00000000f4a80000,0x00000000f4b00000)
 ParOldGen       total 24064K, used 5930K [0x00000000dc200000, 0x00000000dd980000, 0x00000000f4080000)
  object space 24064K, 24% used [0x00000000dc200000,0x00000000dc7ca808,0x00000000dd980000)
 PSPermGen       total 21504K, used 7843K [0x00000000d7000000, 0x00000000d8500000, 0x00000000dc200000)
  object space 21504K, 36% used [0x00000000d7000000,0x00000000d77a8cf0,0x00000000d8500000)
Event: 78.377 GC heap after
Heap after GC invocations=95 (full 0):
 PSYoungGen      total 10240K, used 160K [0x00000000f4080000, 0x00000000f4b80000, 0x0000000100000000)
  eden space 9728K, 0% used [0x00000000f4080000,0x00000000f4080000,0x00000000f4a00000)
  from space 512K, 31% used [0x00000000f4a80000,0x00000000f4aa8000,0x00000000f4b00000)
  to   space 512K, 0% used [0x00000000f4b00000,0x00000000f4b00000,0x00000000f4b80000)
 ParOldGen       total 24064K, used 5970K [0x00000000dc200000, 0x00000000dd980000, 0x00000000f4080000)
  object space 24064K, 24% used [0x00000000dc200000,0x00000000dc7d4808,0x00000000dd980000)
 PSPermGen       total 21504K, used 7843K [0x00000000d7000000, 0x00000000d8500000, 0x00000000dc200000)
  object space 21504K, 36% used [0x00000000d7000000,0x00000000d77a8cf0,0x00000000d8500000)
}

