# JRE version: Java(TM) SE Runtime Environment (7.0_45-b18) (build 1.7.0_45-b18)
# Java VM: Java HotSpot(TM) 64-Bit Server VM (24.45-b08 mixed mode windows-amd64 compressed oops)
Heap
 PSYoungGen      total 16384K, used 12344K [0x00000000f4080000, 0x00000000f5280000, 0x0000000100000000)
  eden space 15872K, 76% used [0x00000000f4080000,0x00000000f4c6e018,0x00000000f5000000)
  from space 512K, 25% used [0x00000000f5180000,0x00000000f51a0000,0x00000000f5200000)
  to   space 512K, 0% used [0x00000000f5200000,0x00000000f5200000,0x00000000f5280000)
 ParOldGen       total 24064K, used 4576K [0x00000000dc200000, 0x00000000dd980000, 0x00000000f4080000)
  object space 24064K, 19% used [0x00000000dc200000,0x00000000dc6782d8,0x00000000dd980000)
 PSPermGen       total 21504K, used 5575K [0x00000000d7000000, 0x00000000d8500000, 0x00000000dc200000)
  object space 21504K, 25% used [0x00000000d7000000,0x00000000d7571e88,0x00000000d8500000)
GC Heap History (10 events):
Event: 56.449 GC heap before
{Heap before GC invocations=85 (full 0):
 PSYoungGen      total 16384K, used 15900K [0x00000000f4080000, 0x00000000f5280000, 0x0000000100000000)
  eden space 15872K, 99% used [0x00000000f4080000,0x00000000f4fdf1b0,0x00000000f5000000)
  from space 512K, 31% used [0x00000000f5200000,0x00000000f5228000,0x00000000f5280000)
  to   space 512K, 0% used [0x00000000f5180000,0x00000000f5180000,0x00000000f5200000)
 ParOldGen       total 24064K, used 4384K [0x00000000dc200000, 0x00000000dd980000, 0x00000000f4080000)
  object space 24064K, 18% used [0x00000000dc200000,0x00000000dc6482d8,0x00000000dd980000)
 PSPermGen       total 21504K, used 5574K [0x00000000d7000000, 0x00000000d8500000, 0x00000000dc200000)
  object space 21504K, 25% used [0x00000000d7000000,0x00000000d75718e8,0x00000000d8500000)
Event: 56.458 GC heap after
Heap after GC invocations=85 (full 0):
 PSYoungGen      total 16384K, used 160K [0x00000000f4080000, 0x00000000f5280000, 0x0000000100000000)
  eden space 15872K, 0% used [0x00000000f4080000,0x00000000f4080000,0x00000000f5000000)
  from space 512K, 31% used [0x00000000f5180000,0x00000000f51a8000,0x00000000f5200000)
  to   space 512K, 0% used [0x00000000f5200000,0x00000000f5200000,0x00000000f5280000)
 ParOldGen       total 24064K, used 4424K [0x00000000dc200000, 0x00000000dd980000, 0x00000000f4080000)
  object space 24064K, 18% used [0x00000000dc200000,0x00000000dc6522d8,0x00000000dd980000)
 PSPermGen       total 21504K, used 5574K [0x00000000d7000000, 0x00000000d8500000, 0x00000000dc200000)
  object space 21504K, 25% used [0x00000000d7000000,0x00000000d75718e8,0x00000000d8500000)
}
Event: 57.325 GC heap before
{Heap before GC invocations=86 (full 0):
 PSYoungGen      total 16384K, used 15890K [0x00000000f4080000, 0x00000000f5280000, 0x0000000100000000)
  eden space 15872K, 99% used [0x00000000f4080000,0x00000000f4fdcab0,0x00000000f5000000)
  from space 512K, 31% used [0x00000000f5180000,0x00000000f51a8000,0x00000000f5200000)
  to   space 512K, 0% used [0x00000000f5200000,0x00000000f5200000,0x00000000f5280000)
 ParOldGen       total 24064K, used 4424K [0x00000000dc200000, 0x00000000dd980000, 0x00000000f4080000)
  object space 24064K, 18% used [0x00000000dc200000,0x00000000dc6522d8,0x00000000dd980000)
 PSPermGen       total 21504K, used 5575K [0x00000000d7000000, 0x00000000d8500000, 0x00000000dc200000)
  object space 21504K, 25% used [0x00000000d7000000,0x00000000d7571d70,0x00000000d8500000)
Event: 57.327 GC heap after
Heap after GC invocations=86 (full 0):
 PSYoungGen      total 16384K, used 128K [0x00000000f4080000, 0x00000000f5280000, 0x0000000100000000)
  eden space 15872K, 0% used [0x00000000f4080000,0x00000000f4080000,0x00000000f5000000)
  from space 512K, 25% used [0x00000000f5200000,0x00000000f5220000,0x00000000f5280000)
  to   space 512K, 0% used [0x00000000f5180000,0x00000000f5180000,0x00000000f5200000)
 ParOldGen       total 24064K, used 4464K [0x00000000dc200000, 0x00000000dd980000, 0x00000000f4080000)
  object space 24064K, 18% used [0x00000000dc200000,0x00000000dc65c2d8,0x00000000dd980000)
 PSPermGen       total 21504K, used 5575K [0x00000000d7000000, 0x00000000d8500000, 0x00000000dc200000)
  object space 21504K, 25% used [0x00000000d7000000,0x00000000d7571d70,0x00000000d8500000)
}
Event: 58.188 GC heap before
{Heap before GC invocations=87 (full 0):
 PSYoungGen      total 16384K, used 15867K [0x00000000f4080000, 0x00000000f5280000, 0x0000000100000000)
  eden space 15872K, 99% used [0x00000000f4080000,0x00000000f4fdef48,0x00000000f5000000)
  from space 512K, 25% used [0x00000000f5200000,0x00000000f5220000,0x00000000f5280000)
  to   space 512K, 0% used [0x00000000f5180000,0x00000000f5180000,0x00000000f5200000)
 ParOldGen       total 24064K, used 4464K [0x00000000dc200000, 0x00000000dd980000, 0x00000000f4080000)
  object space 24064K, 18% used [0x00000000dc200000,0x00000000dc65c2d8,0x00000000dd980000)
 PSPermGen       total 21504K, used 5575K [0x00000000d7000000, 0x00000000d8500000, 0x00000000dc200000)
  object space 21504K, 25% used [0x00000000d7000000,0x00000000d7571e88,0x00000000d8500000)
Event: 58.190 GC heap after
Heap after GC invocations=87 (full 0):
 PSYoungGen      total 16384K, used 160K [0x00000000f4080000, 0x00000000f5280000, 0x0000000100000000)
  eden space 15872K, 0% used [0x00000000f4080000,0x00000000f4080000,0x00000000f5000000)
  from space 512K, 31% used [0x00000000f5180000,0x00000000f51a8000,0x00000000f5200000)
  to   space 512K, 0% used [0x00000000f5200000,0x00000000f5200000,0x00000000f5280000)
 ParOldGen       total 24064K, used 4504K [0x00000000dc200000, 0x00000000dd980000, 0x00000000f4080000)
  object space 24064K, 18% used [0x00000000dc200000,0x00000000dc6662d8,0x00000000dd980000)
 PSPermGen       total 21504K, used 5575K [0x00000000d7000000, 0x00000000d8500000, 0x00000000dc200000)
  object space 21504K, 25% used [0x00000000d7000000,0x00000000d7571e88,0x00000000d8500000)
}
Event: 59.063 GC heap before
{Heap before GC invocations=88 (full 0):
 PSYoungGen      total 16384K, used 15899K [0x00000000f4080000, 0x00000000f5280000, 0x0000000100000000)
  eden space 15872K, 99% used [0x00000000f4080000,0x00000000f4fdef38,0x00000000f5000000)
  from space 512K, 31% used [0x00000000f5180000,0x00000000f51a8000,0x00000000f5200000)
  to   space 512K, 0% used [0x00000000f5200000,0x00000000f5200000,0x00000000f5280000)
 ParOldGen       total 24064K, used 4504K [0x00000000dc200000, 0x00000000dd980000, 0x00000000f4080000)
  object space 24064K, 18% used [0x00000000dc200000,0x00000000dc6662d8,0x00000000dd980000)
 PSPermGen       total 21504K, used 5575K [0x00000000d7000000, 0x00000000d8500000, 0x00000000dc200000)
  object space 21504K, 25% used [0x00000000d7000000,0x00000000d7571e88,0x00000000d8500000)
Event: 59.076 GC heap after
Heap after GC invocations=88 (full 0):
 PSYoungGen      total 16384K, used 128K [0x00000000f4080000, 0x00000000f5280000, 0x0000000100000000)
  eden space 15872K, 0% used [0x00000000f4080000,0x00000000f4080000,0x00000000f5000000)
  from space 512K, 25% used [0x00000000f5200000,0x00000000f5220000,0x00000000f5280000)
  to   space 512K, 0% used [0x00000000f5180000,0x00000000f5180000,0x00000000f5200000)
 ParOldGen       total 24064K, used 4536K [0x00000000dc200000, 0x00000000dd980000, 0x00000000f4080000)
  object space 24064K, 18% used [0x00000000dc200000,0x00000000dc66e2d8,0x00000000dd980000)
 PSPermGen       total 21504K, used 5575K [0x00000000d7000000, 0x00000000d8500000, 0x00000000dc200000)
  object space 21504K, 25% used [0x00000000d7000000,0x00000000d7571e88,0x00000000d8500000)
}
Event: 60.183 GC heap before
{Heap before GC invocations=89 (full 0):
 PSYoungGen      total 16384K, used 15858K [0x00000000f4080000, 0x00000000f5280000, 0x0000000100000000)
  eden space 15872K, 99% used [0x00000000f4080000,0x00000000f4fdc988,0x00000000f5000000)
  from space 512K, 25% used [0x00000000f5200000,0x00000000f5220000,0x00000000f5280000)
  to   space 512K, 0% used [0x00000000f5180000,0x00000000f5180000,0x00000000f5200000)
 ParOldGen       total 24064K, used 4536K [0x00000000dc200000, 0x00000000dd980000, 0x00000000f4080000)
  object space 24064K, 18% used [0x00000000dc200000,0x00000000dc66e2d8,0x00000000dd980000)
 PSPermGen       total 21504K, used 5575K [0x00000000d7000000, 0x00000000d8500000, 0x00000000dc200000)
  object space 21504K, 25% used [0x00000000d7000000,0x00000000d7571e88,0x00000000d8500000)
Event: 60.185 GC heap after
Heap after GC invocations=89 (full 0):
 PSYoungGen      total 16384K, used 128K [0x00000000f4080000, 0x00000000f5280000, 0x0000000100000000)
  eden space 15872K, 0% used [0x00000000f4080000,0x00000000f4080000,0x00000000f5000000)
  from space 512K, 25% used [0x00000000f5180000,0x00000000f51a0000,0x00000000f5200000)
  to   space 512K, 0% used [0x00000000f5200000,0x00000000f5200000,0x00000000f5280000)
 ParOldGen       total 24064K, used 4576K [0x00000000dc200000, 0x00000000dd980000, 0x00000000f4080000)
  object space 24064K, 19% used [0x00000000dc200000,0x00000000dc6782d8,0x00000000dd980000)
 PSPermGen       total 21504K, used 5575K [0x00000000d7000000, 0x00000000d8500000, 0x00000000dc200000)
  object space 21504K, 25% used [0x00000000d7000000,0x00000000d7571e88,0x00000000d8500000)
}

